2015-07-10 20:28:21.408 Network Canvas[33583:405743] DiskCookieStorage changing policy from 2 to 0, cookie file: file:///Users/joshua/Library/Developer/CoreSimulator/Devices/28390987-535F-4C60-AEE9-BD2973E76D17/data/Containers/Data/Application/0E2B7269-FA09-4B07-8485-8FD48D0BC703/Library/Cookies/Cookies.binarycookies
2015-07-10 20:28:21.534 Network Canvas[33583:405743] Apache Cordova native platform version 3.8.0 is starting.
2015-07-10 20:28:21.534 Network Canvas[33583:405743] Multi-tasking -> Device: YES, App: YES
2015-07-10 20:28:21.542 Network Canvas[33583:405743] Unlimited access to network resources
2015-07-10 20:28:21.546 Network Canvas[33583:405743] Restoring old webstorage backup. From: '/Users/joshua/Library/Developer/CoreSimulator/Devices/28390987-535F-4C60-AEE9-BD2973E76D17/data/Containers/Data/Application/0E2B7269-FA09-4B07-8485-8FD48D0BC703/Library/WebKit/LocalStorage/Databases.db' To: '/Users/joshua/Library/Developer/CoreSimulator/Devices/28390987-535F-4C60-AEE9-BD2973E76D17/data/Containers/Data/Application/0E2B7269-FA09-4B07-8485-8FD48D0BC703/Library/Caches/Databases.db'.
2015-07-10 20:28:21.547 Network Canvas[33583:405743] Removing old webstorage backup: '/Users/joshua/Library/Developer/CoreSimulator/Devices/28390987-535F-4C60-AEE9-BD2973E76D17/data/Containers/Data/Application/0E2B7269-FA09-4B07-8485-8FD48D0BC703/Library/WebKit/LocalStorage/Databases.db'.
2015-07-10 20:28:21.548 Network Canvas[33583:405743] Restoring old webstorage backup. From: '/Users/joshua/Library/Developer/CoreSimulator/Devices/28390987-535F-4C60-AEE9-BD2973E76D17/data/Containers/Data/Application/0E2B7269-FA09-4B07-8485-8FD48D0BC703/Library/WebKit/LocalStorage/file__0' To: '/Users/joshua/Library/Developer/CoreSimulator/Devices/28390987-535F-4C60-AEE9-BD2973E76D17/data/Containers/Data/Application/0E2B7269-FA09-4B07-8485-8FD48D0BC703/Library/Caches/file__0'.
2015-07-10 20:28:21.550 Network Canvas[33583:405743] Removing old webstorage backup: '/Users/joshua/Library/Developer/CoreSimulator/Devices/28390987-535F-4C60-AEE9-BD2973E76D17/data/Containers/Data/Application/0E2B7269-FA09-4B07-8485-8FD48D0BC703/Library/WebKit/LocalStorage/file__0'.
2015-07-10 20:28:21.699 Network Canvas[33583:405743] Using a WKWebView
2015-07-10 20:28:21.848 Network Canvas[33583:405743] [CDVTimer][file] 1.336038ms
2015-07-10 20:28:21.856 Network Canvas[33583:405743] [CDVTimer][statusbar] 7.947981ms
2015-07-10 20:28:21.856 Network Canvas[33583:405743] [CDVTimer][TotalPluginStartup] 9.900987ms
2015-07-10 20:28:21.859 Network Canvas[33583:405743] Started http daemon: http://localhost:12344/ 
2015-07-10 20:41:42.507 Network Canvas[37905:428787] DiskCookieStorage changing policy from 2 to 0, cookie file: file:///Users/joshua/Library/Developer/CoreSimulator/Devices/28390987-535F-4C60-AEE9-BD2973E76D17/data/Containers/Data/Application/FD60DB6F-EF13-42C2-BC89-5D4049782540/Library/Cookies/Cookies.binarycookies
2015-07-10 20:41:42.611 Network Canvas[37905:428787] Apache Cordova native platform version 3.8.0 is starting.
2015-07-10 20:41:42.611 Network Canvas[37905:428787] Multi-tasking -> Device: YES, App: YES
2015-07-10 20:41:42.613 Network Canvas[37905:428787] Unlimited access to network resources
2015-07-10 20:41:42.731 Network Canvas[37905:428787] Using a WKWebView
2015-07-10 20:41:42.810 Network Canvas[37905:428787] [CDVTimer][file] 1.625001ms
2015-07-10 20:41:42.818 Network Canvas[37905:428787] [CDVTimer][statusbar] 7.753015ms
2015-07-10 20:41:42.818 Network Canvas[37905:428787] [CDVTimer][TotalPluginStartup] 9.729981ms
2015-07-10 20:41:42.821 Network Canvas[37905:428787] Started http daemon: http://localhost:12344/ 
2015-07-10 21:10:49.335 Network Canvas[41959:485950] DiskCookieStorage changing policy from 2 to 0, cookie file: file:///Users/joshua/Library/Developer/CoreSimulator/Devices/28390987-535F-4C60-AEE9-BD2973E76D17/data/Containers/Data/Application/FAD23525-9061-4FBF-B343-48C6239993AD/Library/Cookies/Cookies.binarycookies
2015-07-10 21:10:49.385 Network Canvas[41959:485950] Apache Cordova native platform version 3.8.0 is starting.
2015-07-10 21:10:49.385 Network Canvas[41959:485950] Multi-tasking -> Device: YES, App: YES
2015-07-10 21:10:49.386 Network Canvas[41959:485950] Unlimited access to network resources
2015-07-10 21:10:49.569 Network Canvas[41959:485950] Using a WKWebView
2015-07-10 21:10:49.660 Network Canvas[41959:485950] [CDVTimer][file] 1.962960ms
2015-07-10 21:10:49.670 Network Canvas[41959:485950] [CDVTimer][statusbar] 10.511041ms
2015-07-10 21:10:49.671 Network Canvas[41959:485950] [CDVTimer][TotalPluginStartup] 12.812018ms
2015-07-10 21:10:49.673 Network Canvas[41959:485950] Started http daemon: http://localhost:12344/ 
2015-07-10 21:11:12.916 Network Canvas[45615:490452] DiskCookieStorage changing policy from 2 to 0, cookie file: file:///Users/joshua/Library/Developer/CoreSimulator/Devices/28390987-535F-4C60-AEE9-BD2973E76D17/data/Containers/Data/Application/2BF00188-B3F6-4D34-98D1-6B0E2F2577A8/Library/Cookies/Cookies.binarycookies
2015-07-10 21:11:13.033 Network Canvas[45615:490452] Apache Cordova native platform version 3.8.0 is starting.
2015-07-10 21:11:13.034 Network Canvas[45615:490452] Multi-tasking -> Device: YES, App: YES
2015-07-10 21:11:13.036 Network Canvas[45615:490452] Unlimited access to network resources
2015-07-10 21:11:13.156 Network Canvas[45615:490452] Using a WKWebView
2015-07-10 21:11:13.237 Network Canvas[45615:490452] [CDVTimer][file] 0.977993ms
2015-07-10 21:11:13.246 Network Canvas[45615:490452] [CDVTimer][statusbar] 9.509027ms
2015-07-10 21:11:13.246 Network Canvas[45615:490452] [CDVTimer][TotalPluginStartup] 10.825992ms
2015-07-10 21:11:13.249 Network Canvas[45615:490452] Started http daemon: http://localhost:12344/ 
2015-07-12 14:52:50.327 Network Canvas[57626:953524] DiskCookieStorage changing policy from 2 to 0, cookie file: file:///Users/joshua/Library/Developer/CoreSimulator/Devices/28390987-535F-4C60-AEE9-BD2973E76D17/data/Containers/Data/Application/D22986BA-1F83-4F52-94C4-718346EA8FA8/Library/Cookies/Cookies.binarycookies
2015-07-12 14:52:50.430 Network Canvas[57626:953524] Apache Cordova native platform version 3.8.0 is starting.
2015-07-12 14:52:50.431 Network Canvas[57626:953524] Multi-tasking -> Device: YES, App: YES
2015-07-12 14:52:50.433 Network Canvas[57626:953524] Unlimited access to network resources
2015-07-12 14:52:50.582 Network Canvas[57626:953524] Using a WKWebView
2015-07-12 14:52:50.730 Network Canvas[57626:953524] [CDVTimer][file] 1.537025ms
2015-07-12 14:52:50.738 Network Canvas[57626:953524] [CDVTimer][statusbar] 8.081973ms
2015-07-12 14:52:50.738 Network Canvas[57626:953524] [CDVTimer][TotalPluginStartup] 10.308981ms
2015-07-12 14:52:50.741 Network Canvas[57626:953524] Started http daemon: http://localhost:12344/ 
2015-07-12 14:54:11.632 Network Canvas[61338:958879] DiskCookieStorage changing policy from 2 to 0, cookie file: file:///Users/joshua/Library/Developer/CoreSimulator/Devices/28390987-535F-4C60-AEE9-BD2973E76D17/data/Containers/Data/Application/D41A767B-2F2E-4D75-88A6-0C069C9ED0AF/Library/Cookies/Cookies.binarycookies
2015-07-12 14:54:11.851 Network Canvas[61338:958879] Apache Cordova native platform version 3.8.0 is starting.
2015-07-12 14:54:11.851 Network Canvas[61338:958879] Multi-tasking -> Device: YES, App: YES
2015-07-12 14:54:11.854 Network Canvas[61338:958879] Unlimited access to network resources
2015-07-12 14:54:11.985 Network Canvas[61338:958879] Using a WKWebView
2015-07-12 14:54:12.096 Network Canvas[61338:958879] [CDVTimer][file] 1.035988ms
2015-07-12 14:54:12.105 Network Canvas[61338:958879] [CDVTimer][statusbar] 8.594990ms
2015-07-12 14:54:12.105 Network Canvas[61338:958879] [CDVTimer][TotalPluginStartup] 9.980977ms
2015-07-12 14:54:12.107 Network Canvas[61338:958879] Started http daemon: http://localhost:12344/ 
2015-08-03 19:37:28.471 Network Canvas[12663:415823] DiskCookieStorage changing policy from 2 to 0, cookie file: file:///Users/joshua/Library/Developer/CoreSimulator/Devices/6FB1A616-34D2-4893-8838-5BA2E07B86C5/data/Containers/Data/Application/10FDDA5D-499C-49CF-A772-8612D9D6A060/Library/Cookies/Cookies.binarycookies
2015-08-03 19:37:28.665 Network Canvas[12663:415823] Apache Cordova native platform version 3.8.0 is starting.
2015-08-03 19:37:28.665 Network Canvas[12663:415823] Multi-tasking -> Device: YES, App: YES
2015-08-03 19:37:28.672 Network Canvas[12663:415823] Unlimited access to network resources
2015-08-03 19:37:28.850 Network Canvas[12663:415823] Using a WKWebView
2015-08-03 19:37:29.015 Network Canvas[12663:415823] [CDVTimer][file] 1.483023ms
2015-08-03 19:37:29.020 Network Canvas[12663:415823] [CDVTimer][statusbar] 5.456030ms
2015-08-03 19:37:29.020 Network Canvas[12663:415823] [CDVTimer][TotalPluginStartup] 7.664025ms
2015-08-03 19:37:29.027 Network Canvas[12663:415823] Started http daemon: http://localhost:12344/ 
2015-08-03 19:39:59.104 Network Canvas[14668:420530] DiskCookieStorage changing policy from 2 to 0, cookie file: file:///Users/joshua/Library/Developer/CoreSimulator/Devices/28390987-535F-4C60-AEE9-BD2973E76D17/data/Containers/Data/Application/7CD7E5FF-7BE0-4A28-BAFB-43160AC0ACFC/Library/Cookies/Cookies.binarycookies
2015-08-03 19:39:59.217 Network Canvas[14668:420530] Apache Cordova native platform version 3.8.0 is starting.
2015-08-03 19:39:59.218 Network Canvas[14668:420530] Multi-tasking -> Device: YES, App: YES
2015-08-03 19:39:59.220 Network Canvas[14668:420530] Unlimited access to network resources
2015-08-03 19:39:59.328 Network Canvas[14668:420530] Using a WKWebView
2015-08-03 19:39:59.413 Network Canvas[14668:420530] [CDVTimer][file] 2.577960ms
2015-08-03 19:39:59.421 Network Canvas[14668:420530] [CDVTimer][statusbar] 8.295000ms
2015-08-03 19:39:59.421 Network Canvas[14668:420530] [CDVTimer][TotalPluginStartup] 11.532009ms
2015-08-03 19:39:59.424 Network Canvas[14668:420530] Started http daemon: http://localhost:12344/ 
2015-08-04 14:38:58.409 Network Canvas[14668:610115] Communications error: <OS_xpc_error: <error: 0x38545f4> { count = 1, contents =
	"XPCErrorDescription" => <string: 0x385483c> { length = 22, contents = "Connection interrupted" }
}>
